Temp/gradleOut/build/outputs/logs/manifest-merger-release-report.txt
-- Merging decision tree log ---
manifest
ADDED from src/main/AndroidManifest.xml:2:1-53:12
INJECTED from src/main/AndroidManifest.xml:2:1-53:12
INJECTED from src/main/AndroidManifest.xml:2:1-53:12
INJECTED from src/main/AndroidManifest.xml:2:1-53:12
MERGED from [:androidx.activity.activity-1.1.0:] AndroidManifest.xml:17:1-24:12
MERGED from [:androidx.annotation.annotation-experimental-1.0.0:] AndroidManifest.xml:17:1-24:12
MERGED from [:androidx.appcompat.appcompat-1.2.0:] AndroidManifest.xml:17:1-24:12
MERGED from [:androidx.appcompat.appcompat-resources-1.2.0:] AndroidManifest.xml:17:1-24:12
MERGED from [:androidx.arch.core.core-runtime-2.1.0:] AndroidManifest.xml:17:1-24:12
MERGED from [:androidx.cardview.cardview-1.0.0:] AndroidManifest.xml:17:1-22:12
MERGED from [:androidx.coordinatorlayout.coordinatorlayout-1.1.0:] AndroidManifest.xml:17:1-24:12
MERGED from [:androidx.core.core-1.3.2:] AndroidManifest.xml:17:1-26:12
MERGED from [:androidx.cursoradapter.cursoradapter-1.0.0:] AndroidManifest.xml:17:1-22:12
MERGED from [:androidx.customview.customview-1.0.0:] AndroidManifest.xml:17:1-22:12
MERGED from [:androidx.documentfile.documentfile-1.0.0:] AndroidManifest.xml:17:1-22:12
MERGED from [:androidx.drawerlayout.drawerlayout-1.0.0:] AndroidManifest.xml:17:1-22:12
MERGED from [:androidx.fragment.fragment-1.2.5:] AndroidManifest.xml:17:1-24:12
MERGED from [:androidx.interpolator.interpolator-1.0.0:] AndroidManifest.xml:17:1-22:12
MERGED from [:androidx.legacy.legacy-support-core-utils-1.0.0:] AndroidManifest.xml:17:1-22:12
MERGED from [:androidx.lifecycle.lifecycle-livedata-2.0.0:] AndroidManifest.xml:17:1-22:12
MERGED from [:androidx.lifecycle.lifecycle-livedata-core-2.2.0:] AndroidManifest.xml:17:1-24:12
MERGED from [:androidx.lifecycle.lifecycle-runtime-2.2.0:] AndroidManifest.xml:17:1-24:12
MERGED from [:androidx.lifecycle.lifecycle-viewmodel-2.2.0:] AndroidManifest.xml:17:1-24:12
MERGED from [:androidx.lifecycle.lifecycle-viewmodel-savedstate-2.2.0:] AndroidManifest.xml:17:1-24:12
MERGED from [:androidx.loader.loader-1.0.0:] AndroidManifest.xml:17:1-22:12
MERGED from [:androidx.localbroadcastmanager.localbroadcastmanager-1.0.0:] AndroidManifest.xml:17:1-22:12
MERGED from [:androidx.print.print-1.0.0:] AndroidManifest.xml:17:1-22:12
MERGED from [:androidx.recyclerview.recyclerview-1.1.0:] AndroidManifest.xml:17:1-24:12
MERGED from [:androidx.savedstate.savedstate-1.0.0:] AndroidManifest.xml:17:1-24:12
MERGED from [:androidx.transition.transition-1.2.0:] AndroidManifest.xml:17:1-24:12
MERGED from [:androidx.vectordrawable.vectordrawable-1.1.0:] AndroidManifest.xml:17:1-24:12
MERGED from [:androidx.vectordrawable.vectordrawable-animated-1.1.0:] AndroidManifest.xml:17:1-24:12
MERGED from [:androidx.versionedparcelable.versionedparcelable-1.1.0:] AndroidManifest.xml:17:1-27:12
MERGED from [:androidx.viewpager.viewpager-1.0.0:] AndroidManifest.xml:17:1-22:12
MERGED from [:androidx.viewpager2.viewpager2-1.0.0:] AndroidManifest.xml:17:1-24:12
MERGED from [:clevertap-android-sdk-4.0.0:] AndroidManifest.xml:2:1-40:12
MERGED from [:clevertapsdk-unity-2.1.0:] AndroidManifest.xml:2:1-11:12
MERGED from [:com.android.installreferrer.installreferrer-2.1:] AndroidManifest.xml:2:1-13:12
MERGED from [:com.google.android.datatransport.transport-api-2.2.0:] AndroidManifest.xml:15:1-22:12
MERGED from [:com.google.android.datatransport.transport-backend-cct-2.2.0:] AndroidManifest.xml:15:1-38:12
MERGED from [:com.google.android.datatransport.transport-runtime-2.2.0:] AndroidManifest.xml:15:1-41:12
MERGED from [:com.google.android.gms.play-services-ads-identifier-17.0.0:] AndroidManifest.xml:17:1-24:12
MERGED from [:com.google.android.gms.play-services-base-17.5.0:] AndroidManifest.xml:17:1-29:12
MERGED from [:com.google.android.gms.play-services-basement-17.5.0:] AndroidManifest.xml:17:1-28:12
MERGED from [:com.google.android.gms.play-services-cloud-messaging-16.0.0:] AndroidManifest.xml:2:1-13:12
MERGED from [:com.google.android.gms.play-services-measurement-18.0.0:] AndroidManifest.xml:17:1-46:12
MERGED from [:com.google.android.gms.play-services-measurement-api-18.0.0:] AndroidManifest.xml:17:1-36:12
MERGED from [:com.google.android.gms.play-services-measurement-base-18.0.0:] AndroidManifest.xml:2:1-9:12
MERGED from [:com.google.android.gms.play-services-measurement-impl-18.0.0:] AndroidManifest.xml:17:1-31:12
MERGED from [:com.google.android.gms.play-services-measurement-sdk-18.0.0:] AndroidManifest.xml:17:1-25:12
MERGED from [:com.google.android.gms.play-services-measurement-sdk-api-18.0.0:] AndroidManifest.xml:17:1-27:12
MERGED from [:com.google.android.gms.play-services-stats-17.0.0:] AndroidManifest.xml:2:1-9:12
MERGED from [:com.google.android.gms.play-services-tasks-17.2.0:] AndroidManifest.xml:2:1-9:12
MERGED from [:com.google.android.material.material-1.2.1:] AndroidManifest.xml:17:1-24:12
MERGED from [:com.google.firebase.firebase-analytics-18.0.0:] AndroidManifest.xml:2:1-9:12
MERGED from [:com.google.firebase.firebase-app-unity-7.0.2:] AndroidManifest.xml:3:1-8:12
MERGED from [:com.google.firebase.firebase-common-19.3.1:] AndroidManifest.xml:15:1-23:12
MERGED from [:com.google.firebase.firebase-components-16.0.0:] AndroidManifest.xml:15:1-23:12
MERGED from [:com.google.firebase.firebase-datatransport-17.0.3:] AndroidManifest.xml:15:1-34:12
MERGED from [:com.google.firebase.firebase-encoders-json-16.0.0:] AndroidManifest.xml:15:1-23:12
MERGED from [:com.google.firebase.firebase-iid-21.0.0:] AndroidManifest.xml:17:1-47:12
MERGED from [:com.google.firebase.firebase-iid-interop-17.0.0:] AndroidManifest.xml:2:1-10:12
MERGED from [:com.google.firebase.firebase-installations-16.3.3:] AndroidManifest.xml:2:1-23:12
MERGED from [:com.google.firebase.firebase-installations-interop-16.0.0:] AndroidManifest.xml:15:1-23:12
MERGED from [:com.google.firebase.firebase-measurement-connector-18.0.0:] AndroidManifest.xml:17:1-25:12
MERGED from [:com.google.firebase.firebase-messaging-21.0.0:] AndroidManifest.xml:17:1-45:12
MERGED from [:com.google.firebase.firebase-messaging-unity-7.0.2:] AndroidManifest.xml:2:1-16:12
MERGED from [:FirebaseApp.androidlib] AndroidManifest.xml:2:1-9:12
MERGED from [:unity-android-resources] AndroidManifest.xml:2:1-9:12
INJECTED from src/main/AndroidManifest.xml:2:1-53:12
INJECTED from src/main/AndroidManifest.xml:2:1-53:12
INJECTED from src/main/AndroidManifest.xml:2:1-53:12
	package
		ADDED from src/main/AndroidManifest.xml:2:11-42
		INJECTED from src/main/AndroidManifest.xml
		INJECTED from src/main/AndroidManifest.xml
	android:versionName
		ADDED from src/main/AndroidManifest.xml:2:126-151
		INJECTED from src/main/AndroidManifest.xml
		INJECTED from src/main/AndroidManifest.xml
	xmlns:android
		ADDED from src/main/AndroidManifest.xml:2:43-101
	android:versionCode
		ADDED from src/main/AndroidManifest.xml:2:102-125
		INJECTED from src/main/AndroidManifest.xml
		INJECTED from src/main/AndroidManifest.xml
	android:installLocation
		ADDED from src/main/AndroidManifest.xml:2:152-192
supports-screens
ADDED from src/main/AndroidManifest.xml:3:3-163
	android:largeScreens
		ADDED from src/main/AndroidManifest.xml:3:47-74
	android:smallScreens
		ADDED from src/main/AndroidManifest.xml:3:104-131
	android:normalScreens
		ADDED from src/main/AndroidManifest.xml:3:75-103
	android:xlargeScreens
		ADDED from src/main/AndroidManifest.xml:3:132-160
	android:anyDensity
		ADDED from src/main/AndroidManifest.xml:3:21-46
uses-permission#android.permission.INTERNET
ADDED from src/main/AndroidManifest.xml:4:3-65
MERGED from [:com.google.android.datatransport.transport-backend-cct-2.2.0:] AndroidManifest.xml:26:5-67
MERGED from [:com.google.android.datatransport.transport-backend-cct-2.2.0:] AndroidManifest.xml:26:5-67
MERGED from [:com.google.android.gms.play-services-cloud-messaging-16.0.0:] AndroidManifest.xml:8:5-67
MERGED from [:com.google.android.gms.play-services-cloud-messaging-16.0.0:] AndroidManifest.xml:8:5-67
MERGED from [:com.google.android.gms.play-services-measurement-18.0.0:] AndroidManifest.xml:23:5-67
MERGED from [:com.google.android.gms.play-services-measurement-18.0.0:] AndroidManifest.xml:23:5-67
MERGED from [:com.google.android.gms.play-services-measurement-api-18.0.0:] AndroidManifest.xml:22:5-67
MERGED from [:com.google.android.gms.play-services-measurement-api-18.0.0:] AndroidManifest.xml:22:5-67
MERGED from [:com.google.android.gms.play-services-measurement-impl-18.0.0:] AndroidManifest.xml:23:5-67
MERGED from [:com.google.android.gms.play-services-measurement-impl-18.0.0:] AndroidManifest.xml:23:5-67
MERGED from [:com.google.android.gms.play-services-measurement-sdk-api-18.0.0:] AndroidManifest.xml:23:5-67
MERGED from [:com.google.android.gms.play-services-measurement-sdk-api-18.0.0:] AndroidManifest.xml:23:5-67
MERGED from [:com.google.firebase.firebase-iid-21.0.0:] AndroidManifest.xml:23:5-67
MERGED from [:com.google.firebase.firebase-iid-21.0.0:] AndroidManifest.xml:23:5-67
MERGED from [:com.google.firebase.firebase-installations-16.3.3:] AndroidManifest.xml:11:5-67
MERGED from [:com.google.firebase.firebase-installations-16.3.3:] AndroidManifest.xml:11:5-67
	android:name
		ADDED from src/main/AndroidManifest.xml:4:20-62
uses-permission#android.permission.ACCESS_NETWORK_STATE
ADDED from src/main/AndroidManifest.xml:5:3-77
MERGED from [:com.google.android.datatransport.transport-backend-cct-2.2.0:] AndroidManifest.xml:25:5-79
MERGED from [:com.google.android.datatransport.transport-backend-cct-2.2.0:] AndroidManifest.xml:25:5-79
MERGED from [:com.google.android.datatransport.transport-runtime-2.2.0:] AndroidManifest.xml:22:5-79
MERGED from [:com.google.android.datatransport.transport-runtime-2.2.0:] AndroidManifest.xml:22:5-79
MERGED from [:com.google.android.gms.play-services-cloud-messaging-16.0.0:] AndroidManifest.xml:7:5-79
MERGED from [:com.google.android.gms.play-services-cloud-messaging-16.0.0:] AndroidManifest.xml:7:5-79
MERGED from [:com.google.android.gms.play-services-measurement-18.0.0:] AndroidManifest.xml:24:5-79
MERGED from [:com.google.android.gms.play-services-measurement-18.0.0:] AndroidManifest.xml:24:5-79
MERGED from [:com.google.android.gms.play-services-measurement-api-18.0.0:] AndroidManifest.xml:23:5-79
MERGED from [:com.google.android.gms.play-services-measurement-api-18.0.0:] AndroidManifest.xml:23:5-79
MERGED from [:com.google.android.gms.play-services-measurement-impl-18.0.0:] AndroidManifest.xml:24:5-79
MERGED from [:com.google.android.gms.play-services-measurement-impl-18.0.0:] AndroidManifest.xml:24:5-79
MERGED from [:com.google.android.gms.play-services-measurement-sdk-api-18.0.0:] AndroidManifest.xml:24:5-79
MERGED from [:com.google.android.gms.play-services-measurement-sdk-api-18.0.0:] AndroidManifest.xml:24:5-79
MERGED from [:com.google.firebase.firebase-iid-21.0.0:] AndroidManifest.xml:22:5-79
MERGED from [:com.google.firebase.firebase-iid-21.0.0:] AndroidManifest.xml:22:5-79
MERGED from [:com.google.firebase.firebase-installations-16.3.3:] AndroidManifest.xml:10:5-79
MERGED from [:com.google.firebase.firebase-installations-16.3.3:] AndroidManifest.xml:10:5-79
	android:name
		ADDED from src/main/AndroidManifest.xml:5:20-74
uses-permission#com.google.android.c2dm.permission.RECEIVE
ADDED from src/main/AndroidManifest.xml:6:3-80
MERGED from [:com.google.android.gms.play-services-cloud-messaging-16.0.0:] AndroidManifest.xml:11:5-82
MERGED from [:com.google.android.gms.play-services-cloud-messaging-16.0.0:] AndroidManifest.xml:11:5-82
MERGED from [:com.google.firebase.firebase-iid-21.0.0:] AndroidManifest.xml:26:5-82
MERGED from [:com.google.firebase.firebase-iid-21.0.0:] AndroidManifest.xml:26:5-82
MERGED from [:com.google.firebase.firebase-messaging-unity-7.0.2:] AndroidManifest.xml:5:3-80
MERGED from [:com.google.firebase.firebase-messaging-unity-7.0.2:] AndroidManifest.xml:5:3-80
	android:name
		ADDED from src/main/AndroidManifest.xml:6:20-77
uses-permission#android.permission.WAKE_LOCK
ADDED from src/main/AndroidManifest.xml:7:3-66
MERGED from [:com.google.android.gms.play-services-cloud-messaging-16.0.0:] AndroidManifest.xml:9:5-68
MERGED from [:com.google.android.gms.play-services-cloud-messaging-16.0.0:] AndroidManifest.xml:9:5-68
MERGED from [:com.google.android.gms.play-services-measurement-18.0.0:] AndroidManifest.xml:25:5-68
MERGED from [:com.google.android.gms.play-services-measurement-18.0.0:] AndroidManifest.xml:25:5-68
MERGED from [:com.google.android.gms.play-services-measurement-api-18.0.0:] AndroidManifest.xml:24:5-68
MERGED from [:com.google.android.gms.play-services-measurement-api-18.0.0:] AndroidManifest.xml:24:5-68
MERGED from [:com.google.android.gms.play-services-measurement-impl-18.0.0:] AndroidManifest.xml:25:5-68
MERGED from [:com.google.android.gms.play-services-measurement-impl-18.0.0:] AndroidManifest.xml:25:5-68
MERGED from [:com.google.android.gms.play-services-measurement-sdk-api-18.0.0:] AndroidManifest.xml:25:5-68
MERGED from [:com.google.android.gms.play-services-measurement-sdk-api-18.0.0:] AndroidManifest.xml:25:5-68
MERGED from [:com.google.firebase.firebase-iid-21.0.0:] AndroidManifest.xml:24:5-68
MERGED from [:com.google.firebase.firebase-iid-21.0.0:] AndroidManifest.xml:24:5-68
MERGED from [:com.google.firebase.firebase-messaging-unity-7.0.2:] AndroidManifest.xml:4:3-66
MERGED from [:com.google.firebase.firebase-messaging-unity-7.0.2:] AndroidManifest.xml:4:3-66
	android:name
		ADDED from src/main/AndroidManifest.xml:7:20-63
uses-feature#0x00020000
ADDED from src/main/AndroidManifest.xml:8:3-52
	android:glEsVersion
		ADDED from src/main/AndroidManifest.xml:8:17-49
uses-feature#android.hardware.touchscreen
ADDED from src/main/AndroidManifest.xml:9:3-88
	android:required
		ADDED from src/main/AndroidManifest.xml:9:61-85
	android:name
		ADDED from src/main/AndroidManifest.xml:9:17-60
uses-feature#android.hardware.touchscreen.multitouch
ADDED from src/main/AndroidManifest.xml:10:3-99
	android:required
		ADDED from src/main/AndroidManifest.xml:10:72-96
	android:name
		ADDED from src/main/AndroidManifest.xml:10:17-71
uses-feature#android.hardware.touchscreen.multitouch.distinct
ADDED from src/main/AndroidManifest.xml:11:3-108
	android:required
		ADDED from src/main/AndroidManifest.xml:11:81-105
	android:name
		ADDED from src/main/AndroidManifest.xml:11:17-80
application
ADDED from src/main/AndroidManifest.xml:12:3-52:17
MERGED from [:androidx.core.core-1.3.2:] AndroidManifest.xml:24:5-89
MERGED from [:androidx.core.core-1.3.2:] AndroidManifest.xml:24:5-89
MERGED from [:androidx.versionedparcelable.versionedparcelable-1.1.0:] AndroidManifest.xml:24:5-25:19
MERGED from [:androidx.versionedparcelable.versionedparcelable-1.1.0:] AndroidManifest.xml:24:5-25:19
MERGED from [:clevertap-android-sdk-4.0.0:] AndroidManifest.xml:11:5-38:19
MERGED from [:clevertap-android-sdk-4.0.0:] AndroidManifest.xml:11:5-38:19
MERGED from [:com.android.installreferrer.installreferrer-2.1:] AndroidManifest.xml:11:5-20
MERGED from [:com.android.installreferrer.installreferrer-2.1:] AndroidManifest.xml:11:5-20
MERGED from [:com.google.android.datatransport.transport-backend-cct-2.2.0:] AndroidManifest.xml:28:5-36:19
MERGED from [:com.google.android.datatransport.transport-backend-cct-2.2.0:] AndroidManifest.xml:28:5-36:19
MERGED from [:com.google.android.datatransport.transport-runtime-2.2.0:] AndroidManifest.xml:25:5-39:19
MERGED from [:com.google.android.datatransport.transport-runtime-2.2.0:] AndroidManifest.xml:25:5-39:19
MERGED from [:com.google.android.gms.play-services-ads-identifier-17.0.0:] AndroidManifest.xml:22:5-20
MERGED from [:com.google.android.gms.play-services-ads-identifier-17.0.0:] AndroidManifest.xml:22:5-20
MERGED from [:com.google.android.gms.play-services-base-17.5.0:] AndroidManifest.xml:22:5-27:19
MERGED from [:com.google.android.gms.play-services-base-17.5.0:] AndroidManifest.xml:22:5-27:19
MERGED from [:com.google.android.gms.play-services-basement-17.5.0:] AndroidManifest.xml:22:5-26:19
MERGED from [:com.google.android.gms.play-services-basement-17.5.0:] AndroidManifest.xml:22:5-26:19
MERGED from [:com.google.android.gms.play-services-measurement-18.0.0:] AndroidManifest.xml:28:5-44:19
MERGED from [:com.google.android.gms.play-services-measurement-18.0.0:] AndroidManifest.xml:28:5-44:19
MERGED from [:com.google.android.gms.play-services-measurement-api-18.0.0:] AndroidManifest.xml:26:5-34:19
MERGED from [:com.google.android.gms.play-services-measurement-api-18.0.0:] AndroidManifest.xml:26:5-34:19
MERGED from [:com.google.android.gms.play-services-measurement-base-18.0.0:] AndroidManifest.xml:7:5-20
MERGED from [:com.google.android.gms.play-services-measurement-base-18.0.0:] AndroidManifest.xml:7:5-20
MERGED from [:com.google.android.gms.play-services-measurement-impl-18.0.0:] AndroidManifest.xml:28:5-29:19
MERGED from [:com.google.android.gms.play-services-measurement-impl-18.0.0:] AndroidManifest.xml:28:5-29:19
MERGED from [:com.google.android.gms.play-services-measurement-sdk-18.0.0:] AndroidManifest.xml:22:5-23:19
MERGED from [:com.google.android.gms.play-services-measurement-sdk-18.0.0:] AndroidManifest.xml:22:5-23:19
MERGED from [:com.google.android.gms.play-services-stats-17.0.0:] AndroidManifest.xml:7:5-20
MERGED from [:com.google.android.gms.play-services-stats-17.0.0:] AndroidManifest.xml:7:5-20
MERGED from [:com.google.android.gms.play-services-tasks-17.2.0:] AndroidManifest.xml:7:5-20
MERGED from [:com.google.android.gms.play-services-tasks-17.2.0:] AndroidManifest.xml:7:5-20
MERGED from [:com.google.android.material.material-1.2.1:] AndroidManifest.xml:22:5-20
MERGED from [:com.google.android.material.material-1.2.1:] AndroidManifest.xml:22:5-20
MERGED from [:com.google.firebase.firebase-analytics-18.0.0:] AndroidManifest.xml:7:5-20
MERGED from [:com.google.firebase.firebase-analytics-18.0.0:] AndroidManifest.xml:7:5-20
MERGED from [:com.google.firebase.firebase-common-19.3.1:] AndroidManifest.xml:19:3-22:17
MERGED from [:com.google.firebase.firebase-common-19.3.1:] AndroidManifest.xml:19:3-22:17
MERGED from [:com.google.firebase.firebase-datatransport-17.0.3:] AndroidManifest.xml:24:5-32:19
MERGED from [:com.google.firebase.firebase-datatransport-17.0.3:] AndroidManifest.xml:24:5-32:19
MERGED from [:com.google.firebase.firebase-iid-21.0.0:] AndroidManifest.xml:28:5-45:19
MERGED from [:com.google.firebase.firebase-iid-21.0.0:] AndroidManifest.xml:28:5-45:19
MERGED from [:com.google.firebase.firebase-iid-interop-17.0.0:] AndroidManifest.xml:7:5-8:19
MERGED from [:com.google.firebase.firebase-iid-interop-17.0.0:] AndroidManifest.xml:7:5-8:19
MERGED from [:com.google.firebase.firebase-installations-16.3.3:] AndroidManifest.xml:13:5-21:19
MERGED from [:com.google.firebase.firebase-installations-16.3.3:] AndroidManifest.xml:13:5-21:19
MERGED from [:com.google.firebase.firebase-measurement-connector-18.0.0:] AndroidManifest.xml:22:5-23:19
MERGED from [:com.google.firebase.firebase-measurement-connector-18.0.0:] AndroidManifest.xml:22:5-23:19
MERGED from [:com.google.firebase.firebase-messaging-21.0.0:] AndroidManifest.xml:22:5-43:19
MERGED from [:com.google.firebase.firebase-messaging-21.0.0:] AndroidManifest.xml:22:5-43:19
MERGED from [:com.google.firebase.firebase-messaging-unity-7.0.2:] AndroidManifest.xml:8:3-15:17
MERGED from [:com.google.firebase.firebase-messaging-unity-7.0.2:] AndroidManifest.xml:8:3-15:17
	android:appComponentFactory
		ADDED from [:androidx.core.core-1.3.2:] AndroidManifest.xml:24:18-86
	android:label
		ADDED from src/main/AndroidManifest.xml:12:50-82
	android:icon
		ADDED from src/main/AndroidManifest.xml:12:16-49
	android:banner
		ADDED from src/main/AndroidManifest.xml:12:147-184
	android:theme
		ADDED from src/main/AndroidManifest.xml:12:83-124
	android:isGame
		ADDED from src/main/AndroidManifest.xml:12:125-146
activity#com.clevertap.unity.CleverTapOverrideActivity
ADDED from src/main/AndroidManifest.xml:13:5-29:16
	android:screenOrientation
		ADDED from src/main/AndroidManifest.xml:13:109-147
	android:label
		ADDED from src/main/AndroidManifest.xml:13:76-108
	android:launchMode
		ADDED from src/main/AndroidManifest.xml:13:148-179
	android:hardwareAccelerated
		ADDED from src/main/AndroidManifest.xml:13:354-389
	android:configChanges
		ADDED from src/main/AndroidManifest.xml:13:180-353
	android:name
		ADDED from src/main/AndroidManifest.xml:13:15-75
intent-filter#action:name:android.intent.action.MAIN+category:name:android.intent.category.LAUNCHER+category:name:android.intent.category.LEANBACK_LAUNCHER
ADDED from src/main/AndroidManifest.xml:14:7-18:23
action#android.intent.action.MAIN
ADDED from src/main/AndroidManifest.xml:15:9-61
	android:name
		ADDED from src/main/AndroidManifest.xml:15:17-58
category#android.intent.category.LAUNCHER
ADDED from src/main/AndroidManifest.xml:16:9-69
	android:name
		ADDED from src/main/AndroidManifest.xml:16:19-66
category#android.intent.category.LEANBACK_LAUNCHER
ADDED from src/main/AndroidManifest.xml:17:9-78
	android:name
		ADDED from src/main/AndroidManifest.xml:17:19-75
meta-data#unityplayer.UnityActivity
ADDED from src/main/AndroidManifest.xml:28:7-82
	android:value
		ADDED from src/main/AndroidManifest.xml:28:59-79
	android:name
		ADDED from src/main/AndroidManifest.xml:28:18-58
service#com.clevertap.android.sdk.pushnotification.fcm.FcmMessageListenerService
ADDED from src/main/AndroidManifest.xml:30:5-34:15
	android:exported
		ADDED from src/main/AndroidManifest.xml:30:102-125
	android:name
		ADDED from src/main/AndroidManifest.xml:30:14-101
intent-filter#action:name:com.google.firebase.MESSAGING_EVENT
ADDED from src/main/AndroidManifest.xml:31:7-33:23
action#com.google.firebase.MESSAGING_EVENT
ADDED from src/main/AndroidManifest.xml:32:9-70
	android:name
		ADDED from src/main/AndroidManifest.xml:32:17-67
service#com.clevertap.android.sdk.pushnotification.CTNotificationIntentService
ADDED from src/main/AndroidManifest.xml:35:5-39:15
	android:exported
		ADDED from src/main/AndroidManifest.xml:35:100-124
	android:name
		ADDED from src/main/AndroidManifest.xml:35:14-99
intent-filter#action:name:com.clevertap.PUSH_EVENT
ADDED from src/main/AndroidManifest.xml:36:7-38:23
action#com.clevertap.PUSH_EVENT
ADDED from src/main/AndroidManifest.xml:37:9-59
	android:name
		ADDED from src/main/AndroidManifest.xml:37:17-56
meta-data#FCM_SENDER_ID
ADDED from src/main/AndroidManifest.xml:40:5-79
	android:value
		ADDED from src/main/AndroidManifest.xml:40:45-76
	android:name
		ADDED from src/main/AndroidManifest.xml:40:16-44
meta-data#CLEVERTAP_ACCOUNT_ID
ADDED from src/main/AndroidManifest.xml:41:5-83
	android:value
		ADDED from src/main/AndroidManifest.xml:41:52-80
	android:name
		ADDED from src/main/AndroidManifest.xml:41:16-51
meta-data#CLEVERTAP_TOKEN
ADDED from src/main/AndroidManifest.xml:42:5-73
	android:value
		ADDED from src/main/AndroidManifest.xml:42:47-70
	android:name
		ADDED from src/main/AndroidManifest.xml:42:16-46
meta-data#unity.build-id
ADDED from src/main/AndroidManifest.xml:48:5-101
	android:value
		ADDED from src/main/AndroidManifest.xml:48:46-98
	android:name
		ADDED from src/main/AndroidManifest.xml:48:16-45
meta-data#unity.splash-mode
ADDED from src/main/AndroidManifest.xml:49:5-69
	android:value
		ADDED from src/main/AndroidManifest.xml:49:49-66
	android:name
		ADDED from src/main/AndroidManifest.xml:49:16-48
meta-data#unity.splash-enable
ADDED from src/main/AndroidManifest.xml:50:5-74
	android:value
		ADDED from src/main/AndroidManifest.xml:50:51-71
	android:name
		ADDED from src/main/AndroidManifest.xml:50:16-50
meta-data#android.max_aspect
ADDED from src/main/AndroidManifest.xml:51:5-72
	android:value
		ADDED from src/main/AndroidManifest.xml:51:50-69
	android:name
		ADDED from src/main/AndroidManifest.xml:51:16-49
uses-sdk
INJECTED from src/main/AndroidManifest.xml reason: use-sdk injection requested
INJECTED from src/main/AndroidManifest.xml
INJECTED from src/main/AndroidManifest.xml
MERGED from [:androidx.activity.activity-1.1.0:] AndroidManifest.xml:20:5-22:41
MERGED from [:androidx.activity.activity-1.1.0:] AndroidManifest.xml:20:5-22:41
MERGED from [:androidx.annotation.annotation-experimental-1.0.0:] AndroidManifest.xml:20:5-22:41
MERGED from [:androidx.annotation.annotation-experimental-1.0.0:] AndroidManifest.xml:20:5-22:41
MERGED from [:androidx.appcompat.appcompat-1.2.0:] AndroidManifest.xml:20:5-22:41
MERGED from [:androidx.appcompat.appcompat-1.2.0:] AndroidManifest.xml:20:5-22:41
MERGED from [:androidx.appcompat.appcompat-resources-1.2.0:] AndroidManifest.xml:20:5-22:41
MERGED from [:androidx.appcompat.appcompat-resources-1.2.0:] AndroidManifest.xml:20:5-22:41
MERGED from [:androidx.arch.core.core-runtime-2.1.0:] AndroidManifest.xml:20:5-22:41
MERGED from [:androidx.arch.core.core-runtime-2.1.0:] AndroidManifest.xml:20:5-22:41
MERGED from [:androidx.cardview.cardview-1.0.0:] AndroidManifest.xml:20:5-44
MERGED from [:androidx.cardview.cardview-1.0.0:] AndroidManifest.xml:20:5-44
MERGED from [:androidx.coordinatorlayout.coordinatorlayout-1.1.0:] AndroidManifest.xml:20:5-22:41
MERGED from [:androidx.coordinatorlayout.coordinatorlayout-1.1.0:] AndroidManifest.xml:20:5-22:41
MERGED from [:androidx.core.core-1.3.2:] AndroidManifest.xml:20:5-22:41
MERGED from [:androidx.core.core-1.3.2:] AndroidManifest.xml:20:5-22:41
MERGED from [:androidx.cursoradapter.cursoradapter-1.0.0:] AndroidManifest.xml:20:5-44
MERGED from [:androidx.cursoradapter.cursoradapter-1.0.0:] AndroidManifest.xml:20:5-44
MERGED from [:androidx.customview.customview-1.0.0:] AndroidManifest.xml:20:5-44
MERGED from [:androidx.customview.customview-1.0.0:] AndroidManifest.xml:20:5-44
MERGED from [:androidx.documentfile.documentfile-1.0.0:] AndroidManifest.xml:20:5-44
MERGED from [:androidx.documentfile.documentfile-1.0.0:] AndroidManifest.xml:20:5-44
MERGED from [:androidx.drawerlayout.drawerlayout-1.0.0:] AndroidManifest.xml:20:5-44
MERGED from [:androidx.drawerlayout.drawerlayout-1.0.0:] AndroidManifest.xml:20:5-44
MERGED from [:androidx.fragment.fragment-1.2.5:] AndroidManifest.xml:20:5-22:41
MERGED from [:androidx.fragment.fragment-1.2.5:] AndroidManifest.xml:20:5-22:41
MERGED from [:androidx.interpolator.interpolator-1.0.0:] AndroidManifest.xml:20:5-44
MERGED from [:androidx.interpolator.interpolator-1.0.0:] AndroidManifest.xml:20:5-44
MERGED from [:androidx.legacy.legacy-support-core-utils-1.0.0:] AndroidManifest.xml:20:5-44
MERGED from [:androidx.legacy.legacy-support-core-utils-1.0.0:] AndroidManifest.xml:20:5-44
MERGED from [:androidx.lifecycle.lifecycle-livedata-2.0.0:] AndroidManifest.xml:20:5-44
MERGED from [:androidx.lifecycle.lifecycle-livedata-2.0.0:] AndroidManifest.xml:20:5-44
MERGED from [:androidx.lifecycle.lifecycle-livedata-core-2.2.0:] AndroidManifest.xml:20:5-22:41
MERGED from [:androidx.lifecycle.lifecycle-livedata-core-2.2.0:] AndroidManifest.xml:20:5-22:41
MERGED from [:androidx.lifecycle.lifecycle-runtime-2.2.0:] AndroidManifest.xml:20:5-22:41
MERGED from [:androidx.lifecycle.lifecycle-runtime-2.2.0:] AndroidManifest.xml:20:5-22:41
MERGED from [:androidx.lifecycle.lifecycle-viewmodel-2.2.0:] AndroidManifest.xml:20:5-22:41
MERGED from [:androidx.lifecycle.lifecycle-viewmodel-2.2.0:] AndroidManifest.xml:20:5-22:41
MERGED from [:androidx.lifecycle.lifecycle-viewmodel-savedstate-2.2.0:] AndroidManifest.xml:20:5-22:41
MERGED from [:androidx.lifecycle.lifecycle-viewmodel-savedstate-2.2.0:] AndroidManifest.xml:20:5-22:41
MERGED from [:androidx.loader.loader-1.0.0:] AndroidManifest.xml:20:5-44
MERGED from [:androidx.loader.loader-1.0.0:] AndroidManifest.xml:20:5-44
MERGED from [:androidx.localbroadcastmanager.localbroadcastmanager-1.0.0:] AndroidManifest.xml:20:5-44
MERGED from [:androidx.localbroadcastmanager.localbroadcastmanager-1.0.0:] AndroidManifest.xml:20:5-44
MERGED from [:androidx.print.print-1.0.0:] AndroidManifest.xml:20:5-44
MERGED from [:androidx.print.print-1.0.0:] AndroidManifest.xml:20:5-44
MERGED from [:androidx.recyclerview.recyclerview-1.1.0:] AndroidManifest.xml:20:5-22:41
MERGED from [:androidx.recyclerview.recyclerview-1.1.0:] AndroidManifest.xml:20:5-22:41
MERGED from [:androidx.savedstate.savedstate-1.0.0:] AndroidManifest.xml:20:5-22:41
MERGED from [:androidx.savedstate.savedstate-1.0.0:] AndroidManifest.xml:20:5-22:41
MERGED from [:androidx.transition.transition-1.2.0:] AndroidManifest.xml:20:5-22:41
MERGED from [:androidx.transition.transition-1.2.0:] AndroidManifest.xml:20:5-22:41
MERGED from [:androidx.vectordrawable.vectordrawable-1.1.0:] AndroidManifest.xml:20:5-22:41
MERGED from [:androidx.vectordrawable.vectordrawable-1.1.0:] AndroidManifest.xml:20:5-22:41
MERGED from [:androidx.vectordrawable.vectordrawable-animated-1.1.0:] AndroidManifest.xml:20:5-22:41
MERGED from [:androidx.vectordrawable.vectordrawable-animated-1.1.0:] AndroidManifest.xml:20:5-22:41
MERGED from [:androidx.versionedparcelable.versionedparcelable-1.1.0:] AndroidManifest.xml:20:5-22:41
MERGED from [:androidx.versionedparcelable.versionedparcelable-1.1.0:] AndroidManifest.xml:20:5-22:41
MERGED from [:androidx.viewpager.viewpager-1.0.0:] AndroidManifest.xml:20:5-44
MERGED from [:androidx.viewpager.viewpager-1.0.0:] AndroidManifest.xml:20:5-44
MERGED from [:androidx.viewpager2.viewpager2-1.0.0:] AndroidManifest.xml:20:5-22:41
MERGED from [:androidx.viewpager2.viewpager2-1.0.0:] AndroidManifest.xml:20:5-22:41
MERGED from [:clevertap-android-sdk-4.0.0:] AndroidManifest.xml:7:5-9:41
MERGED from [:clevertap-android-sdk-4.0.0:] AndroidManifest.xml:7:5-9:41
MERGED from [:clevertapsdk-unity-2.1.0:] AndroidManifest.xml:7:5-9:41
MERGED from [:clevertapsdk-unity-2.1.0:] AndroidManifest.xml:7:5-9:41
MERGED from [:com.android.installreferrer.installreferrer-2.1:] AndroidManifest.xml:5:5-7:41
MERGED from [:com.android.installreferrer.installreferrer-2.1:] AndroidManifest.xml:5:5-7:41
MERGED from [:com.google.android.datatransport.transport-api-2.2.0:] AndroidManifest.xml:18:5-20:41